2026-03-09 04:03:35  chetana.feed_refresh  INFO  ============================================================
2026-03-09 04:03:35  chetana.feed_refresh  INFO  Chetana feed refresh started at 2026-03-08 22:33:35 UTC
2026-03-09 04:03:35  chetana.feed_refresh  INFO  Feeds directory: /Users/mirror-admin/repos/chetana-browser/backend/data/feeds
2026-03-09 04:03:35  chetana.feed_refresh  INFO  Max file size: 50.0 MB
2026-03-09 04:03:35  chetana.feed_refresh  INFO  ============================================================
2026-03-09 04:03:36  chetana.feed_refresh  INFO  OK   urlhaus_recent.json                         9.6 MB  0.9s
2026-03-09 04:03:42  chetana.feed_refresh  INFO  OK   phishtank.json                             31.1 MB  5.5s
2026-03-09 04:03:43  chetana.feed_refresh  INFO  OK   openphish.txt                              14.7 KB  0.8s
2026-03-09 04:03:44  chetana.feed_refresh  INFO  OK   feodo_blocklist.json                        1.7 KB  0.3s
2026-03-09 04:03:45  chetana.feed_refresh  INFO  OK   threatfox_hostfile.txt                      1.7 MB  0.5s
2026-03-09 04:03:48  chetana.feed_refresh  INFO  OK   blocklistproject_malware.txt               12.3 MB  2.0s
2026-03-09 04:03:50  chetana.feed_refresh  INFO  OK   blocklistproject_phishing.txt               5.4 MB  1.1s
2026-03-09 04:03:51  chetana.feed_refresh  INFO  OK   blocklistproject_scam.txt                  33.5 KB  0.3s
2026-03-09 04:03:52  chetana.feed_refresh  INFO  OK   hagezi_tif_domains.txt                     11.7 MB  1.0s
2026-03-09 04:03:55  chetana.feed_refresh  INFO  OK   scam_blocklist_domains.txt                 10.8 MB  1.9s
2026-03-09 04:03:55  chetana.feed_refresh  INFO  ------------------------------------------------------------
2026-03-09 04:03:55  chetana.feed_refresh  INFO  Done: 10 ok, 0 skipped, 0 failed | Total downloaded: 82.7 MB
2026-03-09 04:03:55  chetana.feed_refresh  INFO  ------------------------------------------------------------
2026-03-09 04:03:55  chetana.feed_refresh  INFO  Manifest written to /Users/mirror-admin/repos/chetana-browser/backend/data/feeds/_refresh_manifest.json
2026-03-09 10:03:55  chetana.feed_refresh  INFO  ============================================================
2026-03-09 10:03:55  chetana.feed_refresh  INFO  Chetana feed refresh started at 2026-03-09 04:33:55 UTC
2026-03-09 10:03:55  chetana.feed_refresh  INFO  Feeds directory: /Users/mirror-admin/repos/chetana-browser/backend/data/feeds
2026-03-09 10:03:55  chetana.feed_refresh  INFO  Max file size: 50.0 MB
2026-03-09 10:03:55  chetana.feed_refresh  INFO  ============================================================
2026-03-09 10:03:56  chetana.feed_refresh  INFO  OK   urlhaus_recent.json                         9.4 MB  0.7s
2026-03-09 10:03:59  chetana.feed_refresh  INFO  OK   phishtank.json                             31.1 MB  2.5s
2026-03-09 10:04:01  chetana.feed_refresh  INFO  OK   openphish.txt                              18.9 KB  0.7s
2026-03-09 10:04:02  chetana.feed_refresh  INFO  OK   feodo_blocklist.json                        1.7 KB  0.2s
2026-03-09 10:04:03  chetana.feed_refresh  INFO  OK   threatfox_hostfile.txt                      1.7 MB  0.3s
2026-03-09 10:04:05  chetana.feed_refresh  INFO  OK   blocklistproject_malware.txt               12.3 MB  1.4s
2026-03-09 10:04:06  chetana.feed_refresh  INFO  OK   blocklistproject_phishing.txt               5.4 MB  1.0s
2026-03-09 10:04:07  chetana.feed_refresh  INFO  OK   blocklistproject_scam.txt                  33.5 KB  0.3s
2026-03-09 10:04:08  chetana.feed_refresh  INFO  OK   hagezi_tif_domains.txt                     11.7 MB  0.4s
2026-03-09 10:04:10  chetana.feed_refresh  INFO  OK   scam_blocklist_domains.txt                 10.8 MB  1.5s
2026-03-09 10:04:11  chetana.feed_refresh  INFO  ------------------------------------------------------------
2026-03-09 10:04:11  chetana.feed_refresh  INFO  Done: 10 ok, 0 skipped, 0 failed | Total downloaded: 82.4 MB
2026-03-09 10:04:11  chetana.feed_refresh  INFO  ------------------------------------------------------------
2026-03-09 10:04:11  chetana.feed_refresh  INFO  Manifest written to /Users/mirror-admin/repos/chetana-browser/backend/data/feeds/_refresh_manifest.json
2026-03-09 16:04:11  chetana.feed_refresh  INFO  ============================================================
2026-03-09 16:04:11  chetana.feed_refresh  INFO  Chetana feed refresh started at 2026-03-09 10:34:11 UTC
2026-03-09 16:04:11  chetana.feed_refresh  INFO  Feeds directory: /Users/mirror-admin/repos/chetana-browser/backend/data/feeds
2026-03-09 16:04:11  chetana.feed_refresh  INFO  Max file size: 50.0 MB
2026-03-09 16:04:11  chetana.feed_refresh  INFO  ============================================================
2026-03-09 16:04:12  chetana.feed_refresh  INFO  OK   urlhaus_recent.json                         9.5 MB  0.6s
2026-03-09 16:04:13  chetana.feed_refresh  ERROR  FAIL phishtank.json — HTTP 404: Not Found
2026-03-09 16:04:15  chetana.feed_refresh  INFO  OK   openphish.txt                              18.9 KB  0.9s
2026-03-09 16:04:15  chetana.feed_refresh  INFO  OK   feodo_blocklist.json                        1.7 KB  0.2s
2026-03-09 16:04:16  chetana.feed_refresh  INFO  OK   threatfox_hostfile.txt                      1.7 MB  0.2s
2026-03-09 16:04:18  chetana.feed_refresh  INFO  OK   blocklistproject_malware.txt               12.3 MB  1.5s
2026-03-09 16:04:21  chetana.feed_refresh  INFO  OK   blocklistproject_phishing.txt               5.4 MB  2.0s
2026-03-09 16:04:22  chetana.feed_refresh  INFO  OK   blocklistproject_scam.txt                  33.5 KB  0.4s
2026-03-09 16:04:23  chetana.feed_refresh  INFO  OK   hagezi_tif_domains.txt                     11.7 MB  0.4s
2026-03-09 16:04:25  chetana.feed_refresh  INFO  OK   scam_blocklist_domains.txt                 10.8 MB  1.3s
2026-03-09 16:04:25  chetana.feed_refresh  INFO  ------------------------------------------------------------
2026-03-09 16:04:25  chetana.feed_refresh  INFO  Done: 9 ok, 0 skipped, 1 failed | Total downloaded: 51.5 MB
2026-03-09 16:04:25  chetana.feed_refresh  INFO  ------------------------------------------------------------
2026-03-09 16:04:25  chetana.feed_refresh  INFO  Manifest written to /Users/mirror-admin/repos/chetana-browser/backend/data/feeds/_refresh_manifest.json
